0 verbose cli D:\Projects\JCHPL_MIS\tools\node-v20.12.2-win-x64\node.exe D:\Projects\JCHPL_MIS\tools\node-v20.12.2-win-x64\node_modules\npm\bin\npm-cli.js
1 info using npm@10.5.0
2 info using node@v20.12.2
3 timing npm:load:whichnode Completed in 2ms
4 timing config:load:defaults Completed in 1ms
5 timing config:load:file:D:\Projects\JCHPL_MIS\tools\node-v20.12.2-win-x64\node_modules\npm\npmrc Completed in 2ms
6 timing config:load:builtin Completed in 2ms
7 timing config:load:cli Completed in 1ms
8 timing config:load:env Completed in 1ms
9 info found workspace root at D:\Projects\JCHPL_MIS
10 timing config:load:file:D:\Projects\JCHPL_MIS\.npmrc Completed in 0ms
11 timing config:load:project Completed in 8ms
12 timing config:load:file:C:\Users\abhis\.npmrc Completed in 0ms
13 timing config:load:user Completed in 0ms
14 timing config:load:file:D:\Projects\JCHPL_MIS\tools\node-v20.12.2-win-x64\etc\npmrc Completed in 0ms
15 timing config:load:global Completed in 1ms
16 timing config:load:setEnvs Completed in 0ms
17 timing config:load Completed in 14ms
18 timing npm:load:configload Completed in 14ms
19 timing config:load:flatten Completed in 2ms
20 timing npm:load:mkdirpcache Completed in 0ms
21 timing npm:load:mkdirplogs Completed in 0ms
22 verbose title npm run build
23 verbose argv "run" "build"
24 timing npm:load:setTitle Completed in 0ms
25 timing npm:load:display Completed in 1ms
26 verbose logfile logs-max:10 dir:D:\Projects\JCHPL_MIS\frontend\.localappdata\npm-cache\_logs\2026-04-14T11_37_06_830Z-
27 verbose logfile D:\Projects\JCHPL_MIS\frontend\.localappdata\npm-cache\_logs\2026-04-14T11_37_06_830Z-debug-0.log
28 timing npm:load:logFile Completed in 8ms
29 timing npm:load:timers Completed in 0ms
30 timing npm:load:configScope Completed in 0ms
31 timing npm:load Completed in 47ms
32 silly logfile done cleaning log files
